<?xml version="1.0" encoding="UTF-8"?>
<testsuite name="edu.jsu.mcis.TicTacToeTest" tests="8" skipped="0" failures="0" errors="0" timestamp="2016-01-23T04:08:18" hostname="Amari" time="0.063">
  <properties/>
  <testcase name="testTheGameIsO" classname="edu.jsu.mcis.TicTacToeTest" time="0.056"/>
  <testcase name="testTheGameIsX" classname="edu.jsu.mcis.TicTacToeTest" time="0.001"/>
  <testcase name="testMarkXInUpperRightCorner" classname="edu.jsu.mcis.TicTacToeTest" time="0.0"/>
  <testcase name="testMarkOInBottomLeftCorner" classname="edu.jsu.mcis.TicTacToeTest" time="0.001"/>
  <testcase name="testTheGameIsTie" classname="edu.jsu.mcis.TicTacToeTest" time="0.001"/>
  <testcase name="testInitialBoardIsEmpty" classname="edu.jsu.mcis.TicTacToeTest" time="0.001"/>
  <testcase name="testGameIsNotOverAfterTheFirstMark" classname="edu.jsu.mcis.TicTacToeTest" time="0.0"/>
  <testcase name="testUnableToMarkOverExistingMark" classname="edu.jsu.mcis.TicTacToeTest" time="0.0"/>
  <system-out><![CDATA[]]></system-out>
  <system-err><![CDATA[]]></system-err>
</testsuite>
